2026-04-17 22:40:27 [INFO]: Server running on port 5000
Metadata: {"environment":"development"}
2026-04-17 22:50:42 [INFO]: Server running on port 5000
Metadata: {"environment":"development"}
2026-04-17 22:51:13 [INFO]: Server running on port 5000
Metadata: {"environment":"development"}
2026-04-17 23:01:20 [INFO]: Server running on port 5000
Metadata: {"environment":"development"}
2026-04-17 23:09:56 [INFO]: Server running on port 5000
Metadata: {"environment":"development"}
2026-04-17 23:10:09 [INFO]: Server running on port 5000
Metadata: {"environment":"development"}
2026-04-17 23:23:05 [INFO]: Server running on port 5000
Metadata: {"environment":"development"}
2026-04-17 23:23:13 [INFO]: Server running on port 5000
Metadata: {"environment":"development"}
2026-04-17 23:25:35 [INFO]: Server running on port 5000
Metadata: {"environment":"development"}
2026-04-17 23:32:52 [INFO]: Server running on port 5000
Metadata: {"environment":"development"}
2026-04-18 00:29:17 [INFO]: Server running on port 5000
Metadata: {"environment":"development"}
2026-04-18 00:30:40 [INFO]: Server running on port 5000
Metadata: {"environment":"development"}
2026-04-18 00:33:00 [INFO]: Server running on port 5000
Metadata: {"environment":"development"}
2026-04-18 00:41:25 [INFO]: Server running on port 5000
Metadata: {"environment":"development"}
2026-04-18 00:46:29 [INFO]: Server running on port 5000
Metadata: {"environment":"development"}
2026-04-18 00:47:30 [INFO]: Server running on port 5000
Metadata: {"environment":"development"}
2026-04-18 02:58:45 [INFO]: Server running on port 5000
Metadata: {"environment":"development"}
2026-04-18 03:14:14 [INFO]: Server running on port 5000
Metadata: {"environment":"development"}
2026-04-18 03:14:30 [INFO]: GET /api/products
Metadata: {"ip":"::1","query":{}}
2026-04-18 03:14:31 [ERROR]: Error occurred 
Invalid `prisma.product.findMany()` invocation in
C:\Users\valen\Downloads\projeto-react\server\src\controllers\product.controller.js:39:20

  36 const skip = (page - 1) * limit;
  37 
  38 const [products, total] = await Promise.all([
→ 39   prisma.product.findMany({
         where: {},
         include: {
           category: true,
           _count: {
             select: {
               ratings: true,
               ~~~~~~~
       ?       orderItems?: true
             }
           }
         },
         skip: 0,
         take: 12,
         orderBy: {
           createdAt: "desc"
         }
       })

Unknown field `ratings` for select statement on model `ProductCountOutputType`. Available options are listed in green.
Metadata: {"statusCode":500,"path":"/api/products","method":"GET"}
2026-04-18 03:14:31 [INFO]: GET /api/products
Metadata: {"ip":"::1","query":{}}
2026-04-18 03:14:31 [ERROR]: Error occurred 
Invalid `prisma.product.findMany()` invocation in
C:\Users\valen\Downloads\projeto-react\server\src\controllers\product.controller.js:39:20

  36 const skip = (page - 1) * limit;
  37 
  38 const [products, total] = await Promise.all([
→ 39   prisma.product.findMany({
         where: {},
         include: {
           category: true,
           _count: {
             select: {
               ratings: true,
               ~~~~~~~
       ?       orderItems?: true
             }
           }
         },
         skip: 0,
         take: 12,
         orderBy: {
           createdAt: "desc"
         }
       })

Unknown field `ratings` for select statement on model `ProductCountOutputType`. Available options are listed in green.
Metadata: {"statusCode":500,"path":"/api/products","method":"GET"}
2026-04-18 03:14:39 [INFO]: GET /api/products
Metadata: {"ip":"::1","query":{}}
2026-04-18 03:14:39 [ERROR]: Error occurred 
Invalid `prisma.product.findMany()` invocation in
C:\Users\valen\Downloads\projeto-react\server\src\controllers\product.controller.js:39:20

  36 const skip = (page - 1) * limit;
  37 
  38 const [products, total] = await Promise.all([
→ 39   prisma.product.findMany({
         where: {},
         include: {
           category: true,
           _count: {
             select: {
               ratings: true,
               ~~~~~~~
       ?       orderItems?: true
             }
           }
         },
         skip: 0,
         take: 12,
         orderBy: {
           createdAt: "desc"
         }
       })

Unknown field `ratings` for select statement on model `ProductCountOutputType`. Available options are listed in green.
Metadata: {"statusCode":500,"path":"/api/products","method":"GET"}
2026-04-18 03:14:39 [INFO]: GET /api/products
Metadata: {"ip":"::1","query":{}}
2026-04-18 03:14:39 [ERROR]: Error occurred 
Invalid `prisma.product.findMany()` invocation in
C:\Users\valen\Downloads\projeto-react\server\src\controllers\product.controller.js:39:20

  36 const skip = (page - 1) * limit;
  37 
  38 const [products, total] = await Promise.all([
→ 39   prisma.product.findMany({
         where: {},
         include: {
           category: true,
           _count: {
             select: {
               ratings: true,
               ~~~~~~~
       ?       orderItems?: true
             }
           }
         },
         skip: 0,
         take: 12,
         orderBy: {
           createdAt: "desc"
         }
       })

Unknown field `ratings` for select statement on model `ProductCountOutputType`. Available options are listed in green.
Metadata: {"statusCode":500,"path":"/api/products","method":"GET"}
2026-04-18 03:14:54 [INFO]: GET /api/products/categories
Metadata: {"ip":"::1","query":{}}
2026-04-18 03:14:54 [INFO]: GET /api/products
Metadata: {"ip":"::1","query":{}}
2026-04-18 03:14:54 [INFO]: GET /api/products/categories
Metadata: {"ip":"::1","query":{}}
2026-04-18 03:14:54 [ERROR]: Error occurred 
Invalid `prisma.product.findMany()` invocation in
C:\Users\valen\Downloads\projeto-react\server\src\controllers\product.controller.js:39:20

  36 const skip = (page - 1) * limit;
  37 
  38 const [products, total] = await Promise.all([
→ 39   prisma.product.findMany({
         where: {},
         include: {
           category: true,
           _count: {
             select: {
               ratings: true,
               ~~~~~~~
       ?       orderItems?: true
             }
           }
         },
         skip: 0,
         take: 12,
         orderBy: {
           createdAt: "desc"
         }
       })

Unknown field `ratings` for select statement on model `ProductCountOutputType`. Available options are listed in green.
Metadata: {"statusCode":500,"path":"/api/products","method":"GET"}
2026-04-18 03:14:54 [INFO]: GET /api/products
Metadata: {"ip":"::1","query":{}}
2026-04-18 03:14:54 [ERROR]: Error occurred 
Invalid `prisma.product.findMany()` invocation in
C:\Users\valen\Downloads\projeto-react\server\src\controllers\product.controller.js:39:20

  36 const skip = (page - 1) * limit;
  37 
  38 const [products, total] = await Promise.all([
→ 39   prisma.product.findMany({
         where: {},
         include: {
           category: true,
           _count: {
             select: {
               ratings: true,
               ~~~~~~~
       ?       orderItems?: true
             }
           }
         },
         skip: 0,
         take: 12,
         orderBy: {
           createdAt: "desc"
         }
       })

Unknown field `ratings` for select statement on model `ProductCountOutputType`. Available options are listed in green.
Metadata: {"statusCode":500,"path":"/api/products","method":"GET"}
2026-04-18 03:14:56 [INFO]: GET /api/products/categories
Metadata: {"ip":"::1","query":{}}
2026-04-18 03:14:56 [INFO]: GET /api/products
Metadata: {"ip":"::1","query":{}}
2026-04-18 03:14:56 [ERROR]: Error occurred 
Invalid `prisma.product.findMany()` invocation in
C:\Users\valen\Downloads\projeto-react\server\src\controllers\product.controller.js:39:20

  36 const skip = (page - 1) * limit;
  37 
  38 const [products, total] = await Promise.all([
→ 39   prisma.product.findMany({
         where: {},
         include: {
           category: true,
           _count: {
             select: {
               ratings: true,
               ~~~~~~~
       ?       orderItems?: true
             }
           }
         },
         skip: 0,
         take: 12,
         orderBy: {
           createdAt: "desc"
         }
       })

Unknown field `ratings` for select statement on model `ProductCountOutputType`. Available options are listed in green.
Metadata: {"statusCode":500,"path":"/api/products","method":"GET"}
2026-04-18 03:14:57 [INFO]: GET /api/products/categories
Metadata: {"ip":"::1","query":{}}
2026-04-18 03:14:57 [INFO]: GET /api/products
Metadata: {"ip":"::1","query":{}}
2026-04-18 03:14:57 [ERROR]: Error occurred 
Invalid `prisma.product.findMany()` invocation in
C:\Users\valen\Downloads\projeto-react\server\src\controllers\product.controller.js:39:20

  36 const skip = (page - 1) * limit;
  37 
  38 const [products, total] = await Promise.all([
→ 39   prisma.product.findMany({
         where: {},
         include: {
           category: true,
           _count: {
             select: {
               ratings: true,
               ~~~~~~~
       ?       orderItems?: true
             }
           }
         },
         skip: 0,
         take: 12,
         orderBy: {
           createdAt: "desc"
         }
       })

Unknown field `ratings` for select statement on model `ProductCountOutputType`. Available options are listed in green.
Metadata: {"statusCode":500,"path":"/api/products","method":"GET"}
2026-04-18 03:14:57 [INFO]: GET /api/products
Metadata: {"ip":"::1","query":{}}
2026-04-18 03:14:57 [INFO]: GET /api/products/categories
Metadata: {"ip":"::1","query":{}}
2026-04-18 03:14:57 [ERROR]: Error occurred 
Invalid `prisma.product.findMany()` invocation in
C:\Users\valen\Downloads\projeto-react\server\src\controllers\product.controller.js:39:20

  36 const skip = (page - 1) * limit;
  37 
  38 const [products, total] = await Promise.all([
→ 39   prisma.product.findMany({
         where: {},
         include: {
           category: true,
           _count: {
             select: {
               ratings: true,
               ~~~~~~~
       ?       orderItems?: true
             }
           }
         },
         skip: 0,
         take: 12,
         orderBy: {
           createdAt: "desc"
         }
       })

Unknown field `ratings` for select statement on model `ProductCountOutputType`. Available options are listed in green.
Metadata: {"statusCode":500,"path":"/api/products","method":"GET"}
2026-04-18 03:15:00 [INFO]: GET /api/products/categories
Metadata: {"ip":"::1","query":{}}
2026-04-18 03:15:00 [INFO]: GET /api/products
Metadata: {"ip":"::1","query":{}}
2026-04-18 03:15:00 [ERROR]: Error occurred 
Invalid `prisma.product.findMany()` invocation in
C:\Users\valen\Downloads\projeto-react\server\src\controllers\product.controller.js:39:20

  36 const skip = (page - 1) * limit;
  37 
  38 const [products, total] = await Promise.all([
→ 39   prisma.product.findMany({
         where: {},
         include: {
           category: true,
           _count: {
             select: {
               ratings: true,
               ~~~~~~~
       ?       orderItems?: true
             }
           }
         },
         skip: 0,
         take: 12,
         orderBy: {
           createdAt: "desc"
         }
       })

Unknown field `ratings` for select statement on model `ProductCountOutputType`. Available options are listed in green.
Metadata: {"statusCode":500,"path":"/api/products","method":"GET"}
2026-04-18 03:15:00 [INFO]: GET /api/products/categories
Metadata: {"ip":"::1","query":{}}
2026-04-18 03:15:00 [INFO]: GET /api/products
Metadata: {"ip":"::1","query":{}}
2026-04-18 03:15:00 [ERROR]: Error occurred 
Invalid `prisma.product.findMany()` invocation in
C:\Users\valen\Downloads\projeto-react\server\src\controllers\product.controller.js:39:20

  36 const skip = (page - 1) * limit;
  37 
  38 const [products, total] = await Promise.all([
→ 39   prisma.product.findMany({
         where: {},
         include: {
           category: true,
           _count: {
             select: {
               ratings: true,
               ~~~~~~~
       ?       orderItems?: true
             }
           }
         },
         skip: 0,
         take: 12,
         orderBy: {
           createdAt: "desc"
         }
       })

Unknown field `ratings` for select statement on model `ProductCountOutputType`. Available options are listed in green.
Metadata: {"statusCode":500,"path":"/api/products","method":"GET"}
2026-04-18 03:15:01 [INFO]: GET /api/products/categories
Metadata: {"ip":"::1","query":{}}
2026-04-18 03:15:01 [INFO]: GET /api/products
Metadata: {"ip":"::1","query":{}}
2026-04-18 03:15:01 [ERROR]: Error occurred 
Invalid `prisma.product.findMany()` invocation in
C:\Users\valen\Downloads\projeto-react\server\src\controllers\product.controller.js:39:20

  36 const skip = (page - 1) * limit;
  37 
  38 const [products, total] = await Promise.all([
→ 39   prisma.product.findMany({
         where: {},
         include: {
           category: true,
           _count: {
             select: {
               ratings: true,
               ~~~~~~~
       ?       orderItems?: true
             }
           }
         },
         skip: 0,
         take: 12,
         orderBy: {
           createdAt: "desc"
         }
       })

Unknown field `ratings` for select statement on model `ProductCountOutputType`. Available options are listed in green.
Metadata: {"statusCode":500,"path":"/api/products","method":"GET"}
2026-04-18 03:15:01 [INFO]: GET /api/products/categories
Metadata: {"ip":"::1","query":{}}
2026-04-18 03:15:01 [INFO]: GET /api/products
Metadata: {"ip":"::1","query":{}}
2026-04-18 03:15:01 [ERROR]: Error occurred 
Invalid `prisma.product.findMany()` invocation in
C:\Users\valen\Downloads\projeto-react\server\src\controllers\product.controller.js:39:20

  36 const skip = (page - 1) * limit;
  37 
  38 const [products, total] = await Promise.all([
→ 39   prisma.product.findMany({
         where: {},
         include: {
           category: true,
           _count: {
             select: {
               ratings: true,
               ~~~~~~~
       ?       orderItems?: true
             }
           }
         },
         skip: 0,
         take: 12,
         orderBy: {
           createdAt: "desc"
         }
       })

Unknown field `ratings` for select statement on model `ProductCountOutputType`. Available options are listed in green.
Metadata: {"statusCode":500,"path":"/api/products","method":"GET"}
2026-04-18 03:15:03 [INFO]: GET /api/products
Metadata: {"ip":"::1","query":{}}
2026-04-18 03:15:03 [ERROR]: Error occurred 
Invalid `prisma.product.findMany()` invocation in
C:\Users\valen\Downloads\projeto-react\server\src\controllers\product.controller.js:39:20

  36 const skip = (page - 1) * limit;
  37 
  38 const [products, total] = await Promise.all([
→ 39   prisma.product.findMany({
         where: {},
         include: {
           category: true,
           _count: {
             select: {
               ratings: true,
               ~~~~~~~
       ?       orderItems?: true
             }
           }
         },
         skip: 0,
         take: 12,
         orderBy: {
           createdAt: "desc"
         }
       })

Unknown field `ratings` for select statement on model `ProductCountOutputType`. Available options are listed in green.
Metadata: {"statusCode":500,"path":"/api/products","method":"GET"}
2026-04-18 03:15:03 [INFO]: GET /api/products
Metadata: {"ip":"::1","query":{}}
2026-04-18 03:15:03 [ERROR]: Error occurred 
Invalid `prisma.product.findMany()` invocation in
C:\Users\valen\Downloads\projeto-react\server\src\controllers\product.controller.js:39:20

  36 const skip = (page - 1) * limit;
  37 
  38 const [products, total] = await Promise.all([
→ 39   prisma.product.findMany({
         where: {},
         include: {
           category: true,
           _count: {
             select: {
               ratings: true,
               ~~~~~~~
       ?       orderItems?: true
             }
           }
         },
         skip: 0,
         take: 12,
         orderBy: {
           createdAt: "desc"
         }
       })

Unknown field `ratings` for select statement on model `ProductCountOutputType`. Available options are listed in green.
Metadata: {"statusCode":500,"path":"/api/products","method":"GET"}
2026-04-18 03:23:08 [INFO]: GET /api/products/categories
Metadata: {"ip":"::1","query":{}}
2026-04-18 03:23:08 [INFO]: GET /api/products
Metadata: {"ip":"::1","query":{}}
2026-04-18 03:23:08 [INFO]: GET /api/products/categories
Metadata: {"ip":"::1","query":{}}
2026-04-18 03:23:08 [ERROR]: Error occurred 
Invalid `prisma.product.findMany()` invocation in
C:\Users\valen\Downloads\projeto-react\server\src\controllers\product.controller.js:39:20

  36 const skip = (page - 1) * limit;
  37 
  38 const [products, total] = await Promise.all([
→ 39   prisma.product.findMany({
         where: {},
         include: {
           category: true,
           _count: {
             select: {
               ratings: true,
               ~~~~~~~
       ?       orderItems?: true
             }
           }
         },
         skip: 0,
         take: 12,
         orderBy: {
           createdAt: "desc"
         }
       })

Unknown field `ratings` for select statement on model `ProductCountOutputType`. Available options are listed in green.
Metadata: {"statusCode":500,"path":"/api/products","method":"GET"}
2026-04-18 03:23:08 [INFO]: GET /api/products
Metadata: {"ip":"::1","query":{}}
2026-04-18 03:23:08 [ERROR]: Error occurred 
Invalid `prisma.product.findMany()` invocation in
C:\Users\valen\Downloads\projeto-react\server\src\controllers\product.controller.js:39:20

  36 const skip = (page - 1) * limit;
  37 
  38 const [products, total] = await Promise.all([
→ 39   prisma.product.findMany({
         where: {},
         include: {
           category: true,
           _count: {
             select: {
               ratings: true,
               ~~~~~~~
       ?       orderItems?: true
             }
           }
         },
         skip: 0,
         take: 12,
         orderBy: {
           createdAt: "desc"
         }
       })

Unknown field `ratings` for select statement on model `ProductCountOutputType`. Available options are listed in green.
Metadata: {"statusCode":500,"path":"/api/products","method":"GET"}
2026-04-18 03:24:05 [INFO]: Server running on port 5000
Metadata: {"environment":"development"}
2026-04-18 03:24:14 [INFO]: Server running on port 5000
Metadata: {"environment":"development"}
2026-04-18 03:24:23 [INFO]: Server running on port 5000
Metadata: {"environment":"development"}
2026-04-18 03:24:39 [INFO]: GET /api/products/categories
Metadata: {"ip":"::1","query":{}}
2026-04-18 03:24:39 [INFO]: GET /api/products
Metadata: {"ip":"::1","query":{}}
2026-04-18 03:24:39 [INFO]: GET /api/products/categories
Metadata: {"ip":"::1","query":{}}
2026-04-18 03:24:39 [ERROR]: Error occurred 
Invalid `prisma.rating.aggregate()` invocation in
C:\Users\valen\Downloads\projeto-react\server\src\controllers\product.controller.js:68:47

  65 // Get average ratings and count
  66 const productsWithRatings = await Promise.all(
  67   products.map(async (product) => {
→ 68     const ratingStats = await prisma.rating.aggregate(
Operation 'aggregate' for model 'Rating' does not match any query.
Metadata: {"statusCode":500,"path":"/api/products","method":"GET"}
2026-04-18 03:24:40 [INFO]: GET /api/products
Metadata: {"ip":"::1","query":{}}
2026-04-18 03:24:40 [ERROR]: Error occurred 
Invalid `prisma.rating.aggregate()` invocation in
C:\Users\valen\Downloads\projeto-react\server\src\controllers\product.controller.js:68:47

  65 // Get average ratings and count
  66 const productsWithRatings = await Promise.all(
  67   products.map(async (product) => {
→ 68     const ratingStats = await prisma.rating.aggregate(
Operation 'aggregate' for model 'Rating' does not match any query.
Metadata: {"statusCode":500,"path":"/api/products","method":"GET"}
2026-04-18 03:24:50 [INFO]: GET /api/products/categories
Metadata: {"ip":"::1","query":{}}
2026-04-18 03:24:50 [INFO]: GET /api/products
Metadata: {"ip":"::1","query":{}}
2026-04-18 03:24:50 [ERROR]: Error occurred 
Invalid `prisma.rating.aggregate()` invocation in
C:\Users\valen\Downloads\projeto-react\server\src\controllers\product.controller.js:68:47

  65 // Get average ratings and count
  66 const productsWithRatings = await Promise.all(
  67   products.map(async (product) => {
→ 68     const ratingStats = await prisma.rating.aggregate(
Operation 'aggregate' for model 'Rating' does not match any query.
Metadata: {"statusCode":500,"path":"/api/products","method":"GET"}
2026-04-18 03:24:51 [INFO]: GET /api/products/categories
Metadata: {"ip":"::1","query":{}}
2026-04-18 03:24:51 [INFO]: GET /api/products
Metadata: {"ip":"::1","query":{}}
2026-04-18 03:24:51 [ERROR]: Error occurred 
Invalid `prisma.rating.aggregate()` invocation in
C:\Users\valen\Downloads\projeto-react\server\src\controllers\product.controller.js:68:47

  65 // Get average ratings and count
  66 const productsWithRatings = await Promise.all(
  67   products.map(async (product) => {
→ 68     const ratingStats = await prisma.rating.aggregate(
Operation 'aggregate' for model 'Rating' does not match any query.
Metadata: {"statusCode":500,"path":"/api/products","method":"GET"}
2026-04-18 03:24:51 [INFO]: GET /api/products/categories
Metadata: {"ip":"::1","query":{}}
2026-04-18 03:24:51 [INFO]: GET /api/products
Metadata: {"ip":"::1","query":{}}
2026-04-18 03:24:51 [ERROR]: Error occurred 
Invalid `prisma.rating.aggregate()` invocation in
C:\Users\valen\Downloads\projeto-react\server\src\controllers\product.controller.js:68:47

  65 // Get average ratings and count
  66 const productsWithRatings = await Promise.all(
  67   products.map(async (product) => {
→ 68     const ratingStats = await prisma.rating.aggregate(
Operation 'aggregate' for model 'Rating' does not match any query.
Metadata: {"statusCode":500,"path":"/api/products","method":"GET"}
2026-04-18 03:24:52 [INFO]: GET /api/products/categories
Metadata: {"ip":"::1","query":{}}
2026-04-18 03:24:52 [INFO]: GET /api/products
Metadata: {"ip":"::1","query":{}}
2026-04-18 03:24:52 [ERROR]: Error occurred 
Invalid `prisma.rating.aggregate()` invocation in
C:\Users\valen\Downloads\projeto-react\server\src\controllers\product.controller.js:68:47

  65 // Get average ratings and count
  66 const productsWithRatings = await Promise.all(
  67   products.map(async (product) => {
→ 68     const ratingStats = await prisma.rating.aggregate(
Operation 'aggregate' for model 'Rating' does not match any query.
Metadata: {"statusCode":500,"path":"/api/products","method":"GET"}
2026-04-18 03:24:53 [INFO]: GET /api/products/categories
Metadata: {"ip":"::1","query":{}}
2026-04-18 03:24:53 [INFO]: GET /api/products
Metadata: {"ip":"::1","query":{}}
2026-04-18 03:24:53 [ERROR]: Error occurred 
Invalid `prisma.rating.aggregate()` invocation in
C:\Users\valen\Downloads\projeto-react\server\src\controllers\product.controller.js:68:47

  65 // Get average ratings and count
  66 const productsWithRatings = await Promise.all(
  67   products.map(async (product) => {
→ 68     const ratingStats = await prisma.rating.aggregate(
Operation 'aggregate' for model 'Rating' does not match any query.
Metadata: {"statusCode":500,"path":"/api/products","method":"GET"}
2026-04-18 03:24:53 [INFO]: GET /api/products/categories
Metadata: {"ip":"::1","query":{}}
2026-04-18 03:24:53 [INFO]: GET /api/products
Metadata: {"ip":"::1","query":{}}
2026-04-18 03:24:53 [ERROR]: Error occurred 
Invalid `prisma.rating.aggregate()` invocation in
C:\Users\valen\Downloads\projeto-react\server\src\controllers\product.controller.js:68:47

  65 // Get average ratings and count
  66 const productsWithRatings = await Promise.all(
  67   products.map(async (product) => {
→ 68     const ratingStats = await prisma.rating.aggregate(
Operation 'aggregate' for model 'Rating' does not match any query.
Metadata: {"statusCode":500,"path":"/api/products","method":"GET"}
2026-04-18 03:25:33 [INFO]: GET /api/products/categories
Metadata: {"ip":"::1","query":{}}
2026-04-18 03:25:33 [INFO]: GET /api/products
Metadata: {"ip":"::1","query":{}}
2026-04-18 03:25:33 [ERROR]: Error occurred 
Invalid `prisma.rating.aggregate()` invocation in
C:\Users\valen\Downloads\projeto-react\server\src\controllers\product.controller.js:68:47

  65 // Get average ratings and count
  66 const productsWithRatings = await Promise.all(
  67   products.map(async (product) => {
→ 68     const ratingStats = await prisma.rating.aggregate(
Operation 'aggregate' for model 'Rating' does not match any query.
Metadata: {"statusCode":500,"path":"/api/products","method":"GET"}
2026-04-18 03:25:34 [INFO]: GET /api/products/categories
Metadata: {"ip":"::1","query":{}}
2026-04-18 03:25:34 [INFO]: GET /api/products
Metadata: {"ip":"::1","query":{}}
2026-04-18 03:25:34 [INFO]: GET /api/products/categories
Metadata: {"ip":"::1","query":{}}
2026-04-18 03:25:34 [ERROR]: Error occurred 
Invalid `prisma.rating.aggregate()` invocation in
C:\Users\valen\Downloads\projeto-react\server\src\controllers\product.controller.js:68:47

  65 // Get average ratings and count
  66 const productsWithRatings = await Promise.all(
  67   products.map(async (product) => {
→ 68     const ratingStats = await prisma.rating.aggregate(
Operation 'aggregate' for model 'Rating' does not match any query.
Metadata: {"statusCode":500,"path":"/api/products","method":"GET"}
2026-04-18 03:25:34 [INFO]: GET /api/products
Metadata: {"ip":"::1","query":{}}
2026-04-18 03:25:34 [ERROR]: Error occurred 
Invalid `prisma.rating.aggregate()` invocation in
C:\Users\valen\Downloads\projeto-react\server\src\controllers\product.controller.js:68:47

  65 // Get average ratings and count
  66 const productsWithRatings = await Promise.all(
  67   products.map(async (product) => {
→ 68     const ratingStats = await prisma.rating.aggregate(
Operation 'aggregate' for model 'Rating' does not match any query.
Metadata: {"statusCode":500,"path":"/api/products","method":"GET"}
2026-04-18 03:25:35 [INFO]: GET /api/products/categories
Metadata: {"ip":"::1","query":{}}
2026-04-18 03:25:35 [INFO]: GET /api/products
Metadata: {"ip":"::1","query":{}}
2026-04-18 03:25:35 [ERROR]: Error occurred 
Invalid `prisma.rating.aggregate()` invocation in
C:\Users\valen\Downloads\projeto-react\server\src\controllers\product.controller.js:68:47

  65 // Get average ratings and count
  66 const productsWithRatings = await Promise.all(
  67   products.map(async (product) => {
→ 68     const ratingStats = await prisma.rating.aggregate(
Operation 'aggregate' for model 'Rating' does not match any query.
Metadata: {"statusCode":500,"path":"/api/products","method":"GET"}
2026-04-18 03:25:36 [INFO]: GET /api/products/categories
Metadata: {"ip":"::1","query":{}}
2026-04-18 03:25:36 [INFO]: GET /api/products
Metadata: {"ip":"::1","query":{}}
2026-04-18 03:25:36 [INFO]: GET /api/products/categories
Metadata: {"ip":"::1","query":{}}
2026-04-18 03:25:36 [ERROR]: Error occurred 
Invalid `prisma.rating.aggregate()` invocation in
C:\Users\valen\Downloads\projeto-react\server\src\controllers\product.controller.js:68:47

  65 // Get average ratings and count
  66 const productsWithRatings = await Promise.all(
  67   products.map(async (product) => {
→ 68     const ratingStats = await prisma.rating.aggregate(
Operation 'aggregate' for model 'Rating' does not match any query.
Metadata: {"statusCode":500,"path":"/api/products","method":"GET"}
2026-04-18 03:25:36 [INFO]: GET /api/products
Metadata: {"ip":"::1","query":{}}
2026-04-18 03:25:36 [ERROR]: Error occurred 
Invalid `prisma.rating.aggregate()` invocation in
C:\Users\valen\Downloads\projeto-react\server\src\controllers\product.controller.js:68:47

  65 // Get average ratings and count
  66 const productsWithRatings = await Promise.all(
  67   products.map(async (product) => {
→ 68     const ratingStats = await prisma.rating.aggregate(
Operation 'aggregate' for model 'Rating' does not match any query.
Metadata: {"statusCode":500,"path":"/api/products","method":"GET"}
2026-04-18 03:26:26 [INFO]: GET /api/products
Metadata: {"ip":"::1","query":{}}
2026-04-18 03:26:26 [ERROR]: Error occurred 
Invalid `prisma.rating.aggregate()` invocation in
C:\Users\valen\Downloads\projeto-react\server\src\controllers\product.controller.js:68:47

  65 // Get average ratings and count
  66 const productsWithRatings = await Promise.all(
  67   products.map(async (product) => {
→ 68     const ratingStats = await prisma.rating.aggregate(
Operation 'aggregate' for model 'Rating' does not match any query.
Metadata: {"statusCode":500,"path":"/api/products","method":"GET"}
2026-04-18 03:26:33 [INFO]: Server running on port 5000
Metadata: {"environment":"development"}
2026-04-18 03:26:43 [INFO]: Server running on port 5000
Metadata: {"environment":"development"}
2026-04-18 03:26:51 [INFO]: GET /api/products
Metadata: {"ip":"::1","query":{}}
2026-04-18 03:26:51 [ERROR]: Error occurred 
Invalid `prisma.rating.count()` invocation in
C:\Users\valen\Downloads\projeto-react\server\src\controllers\product.controller.js:69:23

  66 const productsWithRatings = await Promise.all(
  67   products.map(async (product) => {
  68     const [ratingCount, avgRating] = await Promise.all([
→ 69       prisma.rating.count(
Operation 'aggregate' for model 'Rating' does not match any query.
Metadata: {"statusCode":500,"path":"/api/products","method":"GET"}
2026-04-18 03:26:58 [INFO]: Server running on port 5000
Metadata: {"environment":"development"}
2026-04-18 03:27:06 [INFO]: Server running on port 5000
Metadata: {"environment":"development"}
2026-04-18 03:27:13 [INFO]: GET /api/products
Metadata: {"ip":"::1","query":{}}
2026-04-18 03:27:19 [INFO]: GET /api/products
Metadata: {"ip":"::1","query":{}}
2026-04-18 03:27:30 [INFO]: GET /api/products
Metadata: {"ip":"::1","query":{}}
2026-04-18 03:28:18 [INFO]: GET /api/products/categories
Metadata: {"ip":"::1","query":{}}
2026-04-18 03:28:18 [INFO]: GET /api/products
Metadata: {"ip":"::1","query":{}}
2026-04-18 03:28:19 [INFO]: GET /api/products/categories
Metadata: {"ip":"::1","query":{}}
2026-04-18 03:28:19 [INFO]: GET /api/products
Metadata: {"ip":"::1","query":{}}
2026-04-18 03:28:19 [INFO]: GET /api/products/categories
Metadata: {"ip":"::1","query":{}}
2026-04-18 03:28:19 [INFO]: GET /api/products
Metadata: {"ip":"::1","query":{}}
2026-04-18 03:29:43 [INFO]: Server running on port 5000
Metadata: {"environment":"development"}
2026-04-18 03:29:56 [INFO]: Server running on port 5000
Metadata: {"environment":"development"}
2026-04-18 03:30:04 [INFO]: GET /api/products
Metadata: {"ip":"::1","query":{}}
2026-04-18 03:30:09 [INFO]: Server running on port 5000
Metadata: {"environment":"development"}
2026-04-18 03:30:17 [INFO]: GET /api/products
Metadata: {"ip":"::1","query":{}}
2026-04-18 03:30:17 [INFO]: GET /api/products
Metadata: {"ip":"::1","query":{}}
2026-04-18 03:30:26 [INFO]: GET /api/products/categories
Metadata: {"ip":"::1","query":{}}
2026-04-18 03:30:26 [INFO]: GET /api/products
Metadata: {"ip":"::1","query":{}}
2026-04-18 03:30:26 [INFO]: GET /api/products/categories
Metadata: {"ip":"::1","query":{}}
2026-04-18 03:30:26 [INFO]: GET /api/products
Metadata: {"ip":"::1","query":{}}
2026-04-18 03:30:28 [INFO]: GET /api/products/categories
Metadata: {"ip":"::1","query":{}}
2026-04-18 03:30:28 [INFO]: GET /api/products
Metadata: {"ip":"::1","query":{}}
2026-04-18 03:30:28 [INFO]: GET /api/products/categories
Metadata: {"ip":"::1","query":{}}
2026-04-18 03:30:28 [INFO]: GET /api/products
Metadata: {"ip":"::1","query":{}}
2026-04-18 03:30:29 [INFO]: GET /api/products/categories
Metadata: {"ip":"::1","query":{}}
2026-04-18 03:30:29 [INFO]: GET /api/products
Metadata: {"ip":"::1","query":{}}
2026-04-18 03:30:29 [INFO]: GET /api/products/categories
Metadata: {"ip":"::1","query":{}}
2026-04-18 03:30:29 [INFO]: GET /api/products
Metadata: {"ip":"::1","query":{}}
2026-04-18 03:30:31 [INFO]: GET /api/products/categories
Metadata: {"ip":"::1","query":{}}
2026-04-18 03:30:31 [INFO]: GET /api/products
Metadata: {"ip":"::1","query":{}}
2026-04-18 03:30:31 [INFO]: GET /api/products/categories
Metadata: {"ip":"::1","query":{}}
2026-04-18 03:30:31 [INFO]: GET /api/products
Metadata: {"ip":"::1","query":{}}
2026-04-18 03:30:31 [INFO]: GET /api/products
Metadata: {"ip":"::1","query":{}}
2026-04-18 03:30:31 [INFO]: GET /api/products/categories
Metadata: {"ip":"::1","query":{}}
2026-04-18 03:30:31 [INFO]: GET /api/products
Metadata: {"ip":"::1","query":{}}
2026-04-18 03:30:31 [INFO]: GET /api/products/categories
Metadata: {"ip":"::1","query":{}}
2026-04-18 03:30:36 [INFO]: GET /api/products
Metadata: {"ip":"::1","query":{}}
2026-04-18 03:30:36 [INFO]: GET /api/products
Metadata: {"ip":"::1","query":{}}
2026-04-18 03:31:02 [INFO]: GET /api/auth/google
Metadata: {"ip":"::1","query":{}}
2026-04-18 03:31:20 [INFO]: GET /api/products/categories
Metadata: {"ip":"::1","query":{}}
2026-04-18 03:31:20 [INFO]: GET /api/products
Metadata: {"ip":"::1","query":{}}
2026-04-18 03:31:20 [INFO]: GET /api/products/categories
Metadata: {"ip":"::1","query":{}}
2026-04-18 03:31:20 [INFO]: GET /api/products
Metadata: {"ip":"::1","query":{}}
2026-04-18 03:32:06 [INFO]: Server running on port 5000
Metadata: {"environment":"development"}
2026-04-18 03:32:14 [INFO]: GET /api/products/categories
Metadata: {"ip":"::1","query":{}}
2026-04-18 03:32:38 [INFO]: Server running on port 5000
Metadata: {"environment":"development"}
2026-04-18 03:33:13 [INFO]: Server running on port 5000
Metadata: {"environment":"development"}
2026-04-18 03:33:40 [INFO]: Server running on port 5000
Metadata: {"environment":"development"}
2026-04-18 03:35:09 [INFO]: GET /api/products
Metadata: {"ip":"::1","query":{}}
2026-04-18 03:35:10 [INFO]: GET /api/products
Metadata: {"ip":"::1","query":{}}
2026-04-18 03:35:13 [INFO]: GET /api/products/categories
Metadata: {"ip":"::1","query":{}}
2026-04-18 03:35:13 [INFO]: GET /api/products
Metadata: {"ip":"::1","query":{}}
2026-04-18 03:35:13 [INFO]: GET /api/products/categories
Metadata: {"ip":"::1","query":{}}
2026-04-18 03:35:13 [INFO]: GET /api/products
Metadata: {"ip":"::1","query":{}}
2026-04-18 03:36:29 [INFO]: Server running on port 5000
Metadata: {"environment":"development"}
2026-04-18 03:36:45 [INFO]: Server running on port 5000
Metadata: {"environment":"development"}
2026-04-18 03:36:53 [INFO]: GET /api/products
Metadata: {"ip":"::1","query":{}}
2026-04-18 03:37:00 [INFO]: Server running on port 5000
Metadata: {"environment":"development"}
2026-04-18 03:37:13 [INFO]: GET /api/products/categories
Metadata: {"ip":"::1","query":{}}
2026-04-18 03:37:13 [INFO]: GET /api/products
Metadata: {"ip":"::1","query":{}}
2026-04-18 03:37:14 [INFO]: GET /api/products/categories
Metadata: {"ip":"::1","query":{}}
2026-04-18 03:37:14 [INFO]: GET /api/products
Metadata: {"ip":"::1","query":{}}
2026-04-18 03:37:25 [INFO]: GET /api/products/9e951366-4b2f-416c-8a57-e472f0b4f8ed
Metadata: {"ip":"::1","query":{}}
2026-04-18 03:37:25 [INFO]: GET /api/products/9e951366-4b2f-416c-8a57-e472f0b4f8ed
Metadata: {"ip":"::1","query":{}}
2026-04-18 03:37:25 [INFO]: GET /api/products
Metadata: {"ip":"::1","query":{"category":"59d21edf-df3d-4371-8a5f-b96c85d7a3ad"}}
2026-04-18 03:37:25 [INFO]: GET /api/products
Metadata: {"ip":"::1","query":{"category":"59d21edf-df3d-4371-8a5f-b96c85d7a3ad"}}
2026-04-18 03:37:52 [INFO]: GET /api/products/categories
Metadata: {"ip":"::1","query":{}}
2026-04-18 03:37:52 [INFO]: GET /api/products
Metadata: {"ip":"::1","query":{}}
2026-04-18 03:37:52 [INFO]: GET /api/products/categories
Metadata: {"ip":"::1","query":{}}
2026-04-18 03:37:52 [INFO]: GET /api/products
Metadata: {"ip":"::1","query":{}}
2026-04-18 03:38:02 [INFO]: GET /api/products
Metadata: {"ip":"::1","query":{"category":"8c3dfad2-2988-4b43-b27a-5fd71951545a"}}
2026-04-18 03:38:07 [INFO]: GET /api/products
Metadata: {"ip":"::1","query":{"category":"022f26da-ad7b-4b12-8112-a26c20abebe7"}}
